\BOOKMARK [1][-]{section.1}{重要考试}{}% 1
\BOOKMARK [2][-]{subsection.1.1}{七年级阶段性诊断1}{section.1}% 2
\BOOKMARK [2][-]{subsection.1.2}{七年级期中}{section.1}% 3
\BOOKMARK [2][-]{subsection.1.3}{七年级阶段性诊断2}{section.1}% 4
\BOOKMARK [2][-]{subsection.1.4}{数学达人赛}{section.1}% 5
\BOOKMARK [1][-]{section.2}{周测}{}% 6
\BOOKMARK [2][-]{subsection.2.1}{周测一}{section.2}% 7
\BOOKMARK [2][-]{subsection.2.2}{周测二}{section.2}% 8
\BOOKMARK [2][-]{subsection.2.3}{周测三}{section.2}% 9
\BOOKMARK [2][-]{subsection.2.4}{周测四}{section.2}% 10
\BOOKMARK [2][-]{subsection.2.5}{周测五}{section.2}% 11
\BOOKMARK [2][-]{subsection.2.6}{周测六}{section.2}% 12
\BOOKMARK [2][-]{subsection.2.7}{周测七}{section.2}% 13
\BOOKMARK [1][-]{section.3}{预习导航}{}% 14
\BOOKMARK [2][-]{subsection.3.1}{16.1 二次根式预习导航}{section.3}% 15
\BOOKMARK [2][-]{subsection.3.2}{16.2\(1\) 最简二次根式预习导航}{section.3}% 16
\BOOKMARK [2][-]{subsection.3.3}{16.2\(2\) 最简二次根式预习导航}{section.3}% 17
\BOOKMARK [2][-]{subsection.3.4}{16.3\(2\) 二次根式的运算预习导航（乘除）}{section.3}% 18
\BOOKMARK [2][-]{subsection.3.5}{16.3\(3\) 二次根式的混合运算预习导航}{section.3}% 19
\BOOKMARK [1][-]{section.4}{新竹}{}% 20
\BOOKMARK [2][-]{subsection.4.1}{16.1\(1\) 二次根式}{section.4}% 21
\BOOKMARK [2][-]{subsection.4.2}{16.1\(2\) 二次根式}{section.4}% 22
\BOOKMARK [1][-]{section.5}{十每}{}% 23
\BOOKMARK [2][-]{subsection.5.1}{12月17}{section.5}% 24
\BOOKMARK [2][-]{subsection.5.2}{12月18}{section.5}% 25
\BOOKMARK [2][-]{subsection.5.3}{21月19}{section.5}% 26
\BOOKMARK [2][-]{subsection.5.4}{21月20}{section.5}% 27
\BOOKMARK [1][-]{section.6}{期末复习}{}% 28
\BOOKMARK [2][-]{subsection.6.1}{图形运动}{section.6}% 29
\BOOKMARK [2][-]{subsection.6.2}{整式}{section.6}% 30
\BOOKMARK [2][-]{subsection.6.3}{分式}{section.6}% 31
\BOOKMARK [2][-]{subsection.6.4}{周测错题}{section.6}% 32
\BOOKMARK [2][-]{subsection.6.5}{十美错题}{section.6}% 33
